<?xml version="1.0" encoding="UTF-8"?>
<!-- Generated by org.testng.reporters.JUnitReportReporter -->
<testsuite hostname="Santhosh" failures="0" tests="1" name="com.testNG.Xpath_Scenario" time="6.968" errors="0" timestamp="2024-10-17T12:58:01 IST" skipped="0">
  <testcase classname="com.testNG.Xpath_Scenario" name="xPath" time="6.968"/>
  <system-out/>
</testsuite> <!-- com.testNG.Xpath_Scenario -->
