<?xml version="1.0" encoding="UTF-8"?>
<!-- Generated by org.testng.reporters.JUnitReportReporter -->
<testsuite hostname="Santhosh" failures="0" tests="5" name="com.testNG.InvocationCount_Test" time="20.442" errors="0" timestamp="2024-10-16T21:53:11 IST" skipped="0">
  <testcase classname="com.testNG.InvocationCount_Test" name="edge" time="4.171"/>
  <system-out/>
  <testcase classname="com.testNG.InvocationCount_Test" name="edge" time="2.376"/>
  <system-out/>
  <testcase classname="com.testNG.InvocationCount_Test" name="firefox" time="4.918"/>
  <system-out/>
  <testcase classname="com.testNG.InvocationCount_Test" name="firefox" time="6.380"/>
  <system-out/>
  <testcase classname="com.testNG.InvocationCount_Test" name="edge" time="2.597"/>
  <system-out/>
</testsuite> <!-- com.testNG.InvocationCount_Test -->
