<?xml version="1.0" encoding="UTF-8"?>
<!-- Generated by org.testng.reporters.JUnitReportReporter -->
<testsuite hostname="Santhosh" failures="0" tests="1" name="com.testNG.HardAssertConcept" time="0.076" errors="0" timestamp="2024-10-15T11:14:38 IST" skipped="0">
  <testcase classname="com.testNG.HardAssertConcept" name="demo" time="0.076"/>
  <system-out/>
</testsuite> <!-- com.testNG.HardAssertConcept -->
