<?xml version="1.0" encoding="UTF-8"?>
<!-- Generated by org.testng.reporters.JUnitReportReporter -->
<testsuite hostname="Santhosh" failures="0" tests="3" name="com.testNG.CrossBrowserTesting" time="20.445" errors="0" timestamp="2024-10-18T10:03:34 IST" skipped="0">
  <testcase classname="com.testNG.CrossBrowserTesting" name="chrome" time="5.289"/>
  <system-out/>
  <testcase classname="com.testNG.CrossBrowserTesting" name="firefox" time="9.867"/>
  <system-out/>
  <testcase classname="com.testNG.CrossBrowserTesting" name="edge" time="5.289"/>
  <system-out/>
</testsuite> <!-- com.testNG.CrossBrowserTesting -->
