<?xml version="1.0" encoding="UTF-8"?>
<!-- Generated by org.testng.reporters.JUnitReportReporter -->
<testsuite hostname="Santhosh" failures="0" tests="1" name="com.testNG.ParameterTest" time="7.515" errors="0" timestamp="2024-10-16T21:41:36 IST" skipped="0">
  <testcase classname="com.testNG.ParameterTest" name="login" time="7.515"/>
  <system-out/>
</testsuite> <!-- com.testNG.ParameterTest -->
