<?xml version="1.0" encoding="UTF-8"?>
<!-- Generated by org.testng.reporters.JUnitReportReporter -->
<testsuite hostname="Santhosh" failures="0" tests="9" name="com.testNG.Groups" time="0.082" errors="0" timestamp="2024-10-16T22:50:29 IST" skipped="0">
  <testcase classname="com.testNG.Groups" name="biriyani" time="0.059"/>
  <system-out/>
  <testcase classname="com.testNG.Groups" name="vegFriedRice" time="0.003"/>
  <system-out/>
  <testcase classname="com.testNG.Groups" name="laptop" time="0.004"/>
  <system-out/>
  <testcase classname="com.testNG.Groups" name="watch" time="0.001"/>
  <system-out/>
  <testcase classname="com.testNG.Groups" name="idly" time="0.003"/>
  <system-out/>
  <testcase classname="com.testNG.Groups" name="chicken65" time="0.003"/>
  <system-out/>
  <testcase classname="com.testNG.Groups" name="dosa" time="0.002"/>
  <system-out/>
  <testcase classname="com.testNG.Groups" name="tandoori" time="0.004"/>
  <system-out/>
  <testcase classname="com.testNG.Groups" name="mobile" time="0.003"/>
  <system-out/>
</testsuite> <!-- com.testNG.Groups -->
