<?xml version="1.0" encoding="UTF-8"?>
<!-- Generated by org.testng.reporters.JUnitReportReporter -->
<testsuite hostname="Santhosh" failures="0" tests="6" name="com.testNG.SwagLab" time="5.494" errors="0" timestamp="2024-10-16T23:00:29 IST" skipped="0">
  <testcase classname="com.testNG.SwagLab" name="login" time="0.892"/>
  <system-out/>
  <testcase classname="com.testNG.SwagLab" name="addToCart" time="0.247"/>
  <system-out/>
  <testcase classname="com.testNG.SwagLab" name="checkOut" time="1.239"/>
  <system-out/>
  <testcase classname="com.testNG.SwagLab" name="urlLaunch" time="0.524"/>
  <system-out/>
  <testcase classname="com.testNG.SwagLab" name="searchProduct" time="0.345"/>
  <system-out/>
  <testcase classname="com.testNG.SwagLab" name="browserLaunch" time="2.247"/>
  <system-out/>
</testsuite> <!-- com.testNG.SwagLab -->
