<?xml version="1.0" encoding="UTF-8"?>
<!-- Generated by org.testng.reporters.JUnitReportReporter -->
<testsuite hostname="Santhosh" failures="0" tests="3" name="com.testNG.SimpleAnnotation" time="0.015" errors="0" timestamp="2024-10-16T22:35:29 IST" skipped="1">
  <testcase classname="com.testNG.SimpleAnnotation" name="men" time="0.010"/>
  <system-out/>
  <testcase classname="com.testNG.SimpleAnnotation" name="women" time="0.005"/>
  <system-out/>
  <testcase classname="com.testNG.SimpleAnnotation" name="kid">
    <skipped/>
  </testcase> <!-- kid -->
  <system-out/>
</testsuite> <!-- com.testNG.SimpleAnnotation -->
